[33m[1mCMake Warning[0m at /opt/ros/noetic/share/catkin/cmake/catkin_package.cmake:166 (message):
  catkin_package() DEPENDS on 'system_lib' but neither
  'system_lib_INCLUDE_DIRS' nor 'system_lib_LIBRARIES' is defined.
[36mCall Stack (most recent call first):[0m
  /opt/ros/noetic/share/catkin/cmake/catkin_package.cmake:102 (_catkin_package)
  CMakeLists.txt:108 (catkin_package)


[33m[1mCMake Warning[0m at /opt/ros/noetic/share/catkin/cmake/catkin_package.cmake:166 (message):
  catkin_package() DEPENDS on 'gazebo' but neither 'gazebo_INCLUDE_DIRS' nor
  'gazebo_LIBRARIES' is defined.
[36mCall Stack (most recent call first):[0m
  /opt/ros/noetic/share/catkin/cmake/catkin_package.cmake:102 (_catkin_package)
  CMakeLists.txt:108 (catkin_package)


[31m[1mCMake Error[0m at /home/thomas/catkin_ws/src/sensor/CMakeLists.txt:138 (add_dependencies):
  Cannot add target-level dependencies to non-existent target "sensor_node".

  The add_dependencies works for top-level logical targets created by the
  add_executable, add_library, or add_custom_target commands.  If you want to
  add file-level dependencies see the DEPENDS option of the add_custom_target
  and add_custom_command commands.


[31m[1mCMake Error[0m at /opt/ros/noetic/share/catkin/cmake/custom_install.cmake:13 (_install):
  _install TARGETS given target "lidar_node" which does not exist.
[36mCall Stack (most recent call first):[0m
  CMakeLists.txt:177 (install)


make: *** [Makefile:1342: cmake_check_build_system] Error 1
