[33m[1mCMake Warning[0m at /opt/ros/noetic/share/catkin/cmake/catkin_package.cmake:166 (message):
  catkin_package() DEPENDS on 'system_lib' but neither
  'system_lib_INCLUDE_DIRS' nor 'system_lib_LIBRARIES' is defined.
[36mCall Stack (most recent call first):[0m
  /opt/ros/noetic/share/catkin/cmake/catkin_package.cmake:102 (_catkin_package)
  CMakeLists.txt:33 (catkin_package)


[33m[1mCMake Warning[0m at /opt/ros/noetic/share/catkin/cmake/catkin_package.cmake:166 (message):
  catkin_package() DEPENDS on 'gazebo' but neither 'gazebo_INCLUDE_DIRS' nor
  'gazebo_LIBRARIES' is defined.
[36mCall Stack (most recent call first):[0m
  /opt/ros/noetic/share/catkin/cmake/catkin_package.cmake:102 (_catkin_package)
  CMakeLists.txt:33 (catkin_package)


[31m[1mCMake Error[0m at /home/thomas/catkin_ws/src/drive/CMakeLists.txt:53 (add_executable):
  Cannot find source file:

    src/CDrive.cpp

  Tried extensions .c .C .c++ .cc .cpp .cxx .cu .m .M .mm .h .hh .h++ .hm
  .hpp .hxx .in .txx


[31m[1mCMake Error[0m at /home/thomas/catkin_ws/src/drive/CMakeLists.txt:53 (add_executable):
  No SOURCES given to target: drive_node


CMake Generate step failed.  Build files cannot be regenerated correctly.
make: *** [Makefile:1342: cmake_check_build_system] Error 1
